<?xml version="1.0" encoding="UTF-8"?>
<testsuite xmlns:xsi="http://www.w3.org/2001/XMLSchema-instance" xsi:noNamespaceSchemaLocation="https://maven.apache.org/surefire/maven-surefire-plugin/xsd/surefire-test-report.xsd" version="3.0.2" name="com.parabank.tests.LoginTest" time="1.891" tests="1" errors="0" skipped="0" failures="0">
  <properties>
[...]
</properties>
  <testcase name="validLoginShowsAccountsOverview" classname="com.parabank.tests.LoginTest" time="1.88">
    <system-out><![CDATA[PAGE TITLE: ParaBank | Accounts Overview
PAGE SOURCE SNIPPET: <html><head>
		<meta charset="UTF-8">
		<meta http-equiv="Content-Type" content="text/html; charset=UTF-8">
		<title>ParaBank | Accounts Overview</title>
		<link href="template.css" rel="stylesheet" type="text/css">
		<link href="style.css" rel="stylesheet" type="text/css">
		<script src="webjars/jquery/4.0.0/jquery.min.js"></script>
	</head>

	<body>
		<div id="mainPanel">
			
				
				
					



<div id="topPanel">
  <a href="admin.htm"><img src="images/clear.gif" width="56" height="42" border=
]]></system-out>
    <system-err><![CDATA[Jul 30, 2026 7:32:06 PM org.openqa.selenium.devtools.CdpVersionFinder findNearestMatch
WARNING: Unable to find CDP implementation matching 150
Jul 30, 2026 7:32:06 PM org.openqa.selenium.chromium.ChromiumDriver lambda$new$5
WARNING: Unable to find version of CDP to use for 150.0.7871.187. You may need to include a dependency on a specific version of the CDP using something similar to `org.seleniumhq.selenium:selenium-devtools-v86:4.25.0` where the version ("v86") matches the version of the chromium-based browser you're using and the version number of the artifact is the same as Selenium's.
]]></system-err>
  </testcase>
</testsuite>